2026-02-03 11:03:39 - etf_updater - INFO - ============================================================
2026-02-03 11:03:39 - etf_updater - INFO - ETF数据更新程序启动
2026-02-03 11:03:39 - etf_updater - INFO - 目标日期: 2026-02-03
2026-02-03 11:03:39 - etf_updater - INFO - ============================================================
2026-02-03 11:03:40 - etf_updater - INFO - 2026-02-03 是交易日，开始更新数据
2026-02-03 11:03:40 - etf_updater - INFO - 发现 13 个ETF需要更新
2026-02-03 11:03:40 - etf_updater - INFO - [1/13] 正在获取 SH510300 的数据...
2026-02-03 11:03:41 - etf_updater - ERROR - ✗ SH510300 数据获取失败: 所有数据源获取 SH510300 数据失败
2026-02-03 11:03:41 - etf_updater - INFO - [2/13] 正在获取 SH510310 的数据...
2026-02-03 11:03:41 - etf_updater - ERROR - ✗ SH510310 数据获取失败: 所有数据源获取 SH510310 数据失败
2026-02-03 11:03:41 - etf_updater - INFO - [3/13] 正在获取 SH510330 的数据...
2026-02-03 11:03:42 - etf_updater - ERROR - ✗ SH510330 数据获取失败: 所有数据源获取 SH510330 数据失败
2026-02-03 11:03:42 - etf_updater - INFO - [4/13] 正在获取 SZ159919 的数据...
2026-02-03 11:03:42 - etf_updater - ERROR - ✗ SZ159919 数据获取失败: 所有数据源获取 SZ159919 数据失败
2026-02-03 11:03:42 - etf_updater - INFO - [5/13] 正在获取 SH510050 的数据...
2026-02-03 11:03:43 - etf_updater - ERROR - ✗ SH510050 数据获取失败: 所有数据源获取 SH510050 数据失败
2026-02-03 11:03:43 - etf_updater - INFO - [6/13] 正在获取 SH510500 的数据...
2026-02-03 11:03:44 - etf_updater - ERROR - ✗ SH510500 数据获取失败: 所有数据源获取 SH510500 数据失败
2026-02-03 11:03:44 - etf_updater - INFO - [7/13] 正在获取 SZ159915 的数据...
2026-02-03 11:03:44 - etf_updater - ERROR - ✗ SZ159915 数据获取失败: 所有数据源获取 SZ159915 数据失败
2026-02-03 11:03:44 - etf_updater - INFO - [8/13] 正在获取 SH588000 的数据...
2026-02-03 11:03:45 - etf_updater - ERROR - ✗ SH588000 数据获取失败: 所有数据源获取 SH588000 数据失败
2026-02-03 11:03:45 - etf_updater - INFO - [9/13] 正在获取 SH588080 的数据...
2026-02-03 11:03:45 - etf_updater - ERROR - ✗ SH588080 数据获取失败: 所有数据源获取 SH588080 数据失败
2026-02-03 11:03:45 - etf_updater - INFO - [10/13] 正在获取 SH512100 的数据...
2026-02-03 11:03:46 - etf_updater - ERROR - ✗ SH512100 数据获取失败: 所有数据源获取 SH512100 数据失败
2026-02-03 11:03:46 - etf_updater - INFO - [11/13] 正在获取 SZ159845 的数据...
2026-02-03 11:03:46 - etf_updater - ERROR - ✗ SZ159845 数据获取失败: 所有数据源获取 SZ159845 数据失败
2026-02-03 11:03:46 - etf_updater - INFO - [12/13] 正在获取 SH560010 的数据...
2026-02-03 11:03:47 - etf_updater - ERROR - ✗ SH560010 数据获取失败: 所有数据源获取 SH560010 数据失败
2026-02-03 11:03:47 - etf_updater - INFO - [13/13] 正在获取 SZ159949 的数据...
2026-02-03 11:03:48 - etf_updater - ERROR - ✗ SZ159949 数据获取失败: 所有数据源获取 SZ159949 数据失败
2026-02-03 11:03:48 - etf_updater - INFO - 正在保存Excel文件...
2026-02-03 11:03:48 - etf_updater - ERROR - 未预期的错误: [Errno 13] Permission denied: '主要ETF基金份额变动情况.xlsx'
Traceback (most recent call last):
  File "D:\Code\etf\main.py", line 93, in main
    excel_manager.save()
  File "D:\Code\etf\src\excel_manager.py", line 153, in save
    self.wb.save(self.file_path)
  File "C:\Users\lijing\AppData\Roaming\Python\Python312\site-packages\openpyxl\workbook\workbook.py", line 386, in save
    save_workbook(self, filename)
  File "C:\Users\lijing\AppData\Roaming\Python\Python312\site-packages\openpyxl\writer\excel.py", line 291, in save_workbook
    archive = ZipFile(filename, 'w', ZIP_DEFLATED, allowZip64=True)
              ^^^^^^^^^^^^^^^^^^^^^^^^^^^^^^^^^^^^^^^^^^^^^^^^^^^^^
  File "C:\Program Files\Python312\Lib\zipfile\__init__.py", line 1331, in __init__
    self.fp = io.open(file, filemode)
              ^^^^^^^^^^^^^^^^^^^^^^^
PermissionError: [Errno 13] Permission denied: '主要ETF基金份额变动情况.xlsx'
